#-----------------------------------------------------------
# Vivado v2020.2 (64-bit)
# SW Build 3064766 on Wed Nov 18 09:12:45 MST 2020
# IP Build 3064653 on Wed Nov 18 14:17:31 MST 2020
# Start of session at: Tue Apr 11 15:39:57 2023
# Process ID: 17312
# Current directory: D:/Desktop/FPGA/project_to_luwangrong
# Command line: vivado.exe -gui_launcher_event rodinguilauncherevent18964 D:\Desktop\FPGA\project_to_luwangrong\project_to_luwangrong.xpr
# Log file: D:/Desktop/FPGA/project_to_luwangrong/vivado.log
# Journal file: D:/Desktop/FPGA/project_to_luwangrong\vivado.jou
#-----------------------------------------------------------
start_gui
open_project D:/Desktop/FPGA/project_to_luwangrong/project_to_luwangrong.xpr
Scanning sources...
Finished scanning sources
INFO: [IP_Flow 19-234] Refreshing IP repositories
INFO: [IP_Flow 19-1704] No user IP repositories specified
INFO: [IP_Flow 19-2313] Loaded Vivado IP repository 'E:/vivado_2020.2/Vivado/2020.2/data/ip'.
open_project: Time (s): cpu = 00:00:18 ; elapsed = 00:00:19 . Memory (MB): peak = 1121.645 ; gain = 0.000
update_compile_order -fileset sources_1
open_bd_design {D:/Desktop/FPGA/project_to_luwangrong/project_to_luwangrong.srcs/sources_1/bd/design_1/design_1.bd}
Reading block design file <D:/Desktop/FPGA/project_to_luwangrong/project_to_luwangrong.srcs/sources_1/bd/design_1/design_1.bd>...
Adding component instance block -- xilinx.com:ip:processing_system7:5.5 - processing_system7_0
Adding component instance block -- xilinx.com:module_ref:clkdiv_10_1:1.0 - clkdiv_10_1_0
Adding component instance block -- xilinx.com:ip:axi_dma:7.1 - axi_dma_0
Adding component instance block -- xilinx.com:ip:clk_wiz:6.0 - clk_wiz_0
Adding component instance block -- xilinx.com:ip:axi_interconnect:2.1 - ps7_0_axi_periph
Adding component instance block -- xilinx.com:ip:axi_protocol_converter:2.1 - auto_pc
Adding component instance block -- xilinx.com:ip:proc_sys_reset:5.0 - rst_ps7_0_100M
Adding component instance block -- xilinx.com:ip:axi_interconnect:2.1 - axi_mem_intercon
Adding component instance block -- xilinx.com:ip:axi_dwidth_converter:2.1 - auto_ds
Adding component instance block -- xilinx.com:ip:axi_protocol_converter:2.1 - auto_pc
Adding component instance block -- xilinx.com:ip:xlconcat:2.1 - xlconcat_0
Adding component instance block -- xilinx.com:ip:fifo_generator:13.2 - fifo_generator_0
INFO: [xilinx.com:ip:fifo_generator:13.2-5968] /fifo_generator_0Executing the post_config_ip from bd
Adding component instance block -- xilinx.com:module_ref:io_xy5_100:1.0 - io_xy5_100_0
Adding component instance block -- xilinx.com:module_ref:laser_power_test:1.0 - laser_power_test_0
Adding component instance block -- xilinx.com:module_ref:xy5_100:1.0 - xy5_100_0
Successfully read diagram <design_1> from block design file <D:/Desktop/FPGA/project_to_luwangrong/project_to_luwangrong.srcs/sources_1/bd/design_1/design_1.bd>
open_bd_design {D:/Desktop/FPGA/project_to_luwangrong/project_to_luwangrong.srcs/sources_1/bd/design_1/designWARNING: [Common 17-9] Error reading message records.
WARNING: [Common 17-9] Error reading message records.
WARNING: [Common 17-9] Error reading message records.
WARNING: [Common 17-9] Error reading message records.
WARNING: [Common 17-9] Error reading message records.
WARNING: [Common 17-9] Error reading message records.
WARNING: [Common 17-9] Error reading message records.
WARNING: [Common 17-9] Error reading message records.
exit
INFO: [Common 17-206] Exiting Vivado at Tue Apr 11 17:27:25 2023...
' (from Xilinx Repository).
INFO: [IP_Flow 19-5107] Inferred bus interface 'Clk' of definition 'xilinx.com:signal:clock:1.0' (from Xilinx Repository).
INFO: [IP_Flow 19-4728] Bus Interface 'Clk': Added interface parameter 'ASSOCIATED_BUSIF' with value 'interface_axis'.
INFO: [IP_Flow 19-234] Refreshing IP repositories
INFO: [IP_Flow 19-1704] No user IP repositories specified
Upgrading 'D:/Desktop/FPGA/project_to_luwangrong/project_to_luwangrong.srcs/sources_1/bd/design_1/design_1.bd'
INFO: [IP_Flow 19-1972] Upgraded design_1_xy5_100_0_0 from xy5_100_v1_0 1.0 to xy5_100_v1_0 1.0
WARNING: [IP_Flow 19-4698] Upgrade has added port 'MO'
WARNING: [IP_Flow 19-3298] Detected external port differences while upgrading 'design_1_xy5_100_0_0'. These changes may impact your design.
CRITICAL WARNING: [Coretcl 2-1280] The upgrade of 'design_1_xy5_100_0_0' has identified issues that may require user intervention. Please verify that the instance is correctly configured, and review any upgrade messages.
Wrote  : <D:\Desktop\FPGA\project_to_luwangrong\project_to_luwangrong.srcs\sources_1\bd\design_1\design_1.bd> 
Wrote  : <D:/Desktop/FPGA/project_to_luwangrong/project_to_luwangrong.srcs/sources_1/bd/design_1/ui/bd_1f5defd0.ui> 
Reading block design file <D:/Desktop/FPGA/project_to_luwangrong/project_to_luwangrong.srcs/sources_1/bd/design_2/design_2.bd>...
Adding component instance block -- xilinx.com:ip:processing_system7:5.5 - processing_system7_0
Adding component instance block -- xilinx.com:module_ref:clkdiv_10_1:1.0 - clkdiv_10_1_0
Adding component instance block -- xilinx.com:ip:axi_dma:7.1 - axi_dma_0
WARNING: [BD 41-1282] Ignoring parameter HAS_BURST
WARNING: [BD 41-1281] Parameter HAS_BURST is not defined on /axi_dma_0/M_AXIS_MM2S. Setting parameter on /axi_dma_0/M_AXIS_MM2S failed
Adding component instance block -- xilinx.com:ip:clk_wiz:6.0 - clk_wiz_0
Adding component instance block -- xilinx.com:ip:axi_interconnect:2.1 - ps7_0_axi_periph
Adding component instance block -- xilinx.com:ip:proc_sys_reset:5.0 - rst_ps7_0_100M
Adding component instance block -- xilinx.com:ip:axi_interconnect:2.1 - axi_mem_intercon
Adding component instance block -- xilinx.com:ip:xlconcat:2.1 - xlconcat_0
Adding component instance block -- xilinx.com:ip:fifo_generator:13.2 - fifo_generator_0
INFO: [xilinx.com:ip:fifo_generator:13.2-5968] /fifo_generator_0Executing the post_config_ip from bd
Adding component instance block -- xilinx.com:module_ref:io_xy5_100:1.0 - io_xy5_100_0
Adding component instance block -- xilinx.com:module_ref:laser_power_test:1.0 - laser_power_test_0
Adding component instance block -- xilinx.com:module_ref:xy5_100:1.0 - xy5_100_0
Successfully read diagram <design_2> from block design file <D:/Desktop/FPGA/project_to_luwangrong/project_to_luwangrong.srcs/sources_1/bd/design_2/design_2.bd>
Upgrading 'D:/Desktop/FPGA/project_to_luwangrong/project_to_luwangrong.srcs/sources_1/bd/design_2/design_2.bd'
INFO: [IP_Flow 19-1972] Upgraded design_2_xy5_100_0_0 from xy5_100_v1_0 1.0 to xy5_100_v1_0 1.0
WARNING: [IP_Flow 19-4698] Upgrade has added port 'MO'
WARNING: [IP_Flow 19-3298] Detected external port differences while upgrading 'design_2_xy5_100_0_0'. These changes may impact your design.
CRITICAL WARNING: [Coretcl 2-1280] The upgrade of 'design_2_xy5_100_0_0' has identified issues that may require user intervention. Please verify that the instance is correctly configured, and review any upgrade messages.
Wrote  : <D:\Desktop\FPGA\project_to_luwangrong\project_to_luwangrong.srcs\sources_1\bd\design_2\design_2.bd> 
Wrote  : <D:/Desktop/FPGA/project_to_luwangrong/project_to_luwangrong.srcs/sources_1/bd/design_2/ui/bd_1fdbff51.ui> 
launch_runs synth_1 -jobs 10
CRITICAL WARNING: [BD 41-1348] Reset pin /laser_power_test_0/sys_rst (associated clock /laser_power_test_0/sys_clk) is connected to asynchronous reset source /reset_n.
This may prevent design from meeting timing. Please add Processor System Reset module to create a reset that is synchronous to the associated clock source /clkdiv_10_1_0/clkout.
INFO: [xilinx.com:ip:clk_wiz:6.0-1] /clk_wiz_0 clk_wiz propagate
Wrote  : <D:\Desktop\FPGA\project_to_luwangrong\project_to_luwangrong.srcs\sources_1\bd\design_1\design_1.bd> 
VHDL Output written to : d:/Desktop/FPGA/project_to_luwangrong/project_to_luwangrong.gen/sources_1/bd/design_1/synth/design_1.v
VHDL Output written to : d:/Desktop/FPGA/project_to_luwangrong/project_to_luwangrong.gen/sources_1/bd/design_1/sim/design_1.v
VHDL Output written to : d:/Desktop/FPGA/project_to_luwangrong/project_to_luwangrong.gen/sources_1/bd/design_1/hdl/design_1_wrapper.v
INFO: [BD 41-1029] Generation completed for the IP Integrator block xy5_100_0 .
INFO: [BD 41-1029] Generation completed for the IP Integrator block ps7_0_axi_periph/s00_couplers/auto_pc .
WARNING: [IP_Flow 19-5611] Unable to find an associated reset port for the interface 'S_AXI'. A default connection has been created.
WARNING: [IP_Flow 19-5611] Unable to find an associated reset port for the interface 'M_AXI'. A default connection has been created.
INFO: [BD 41-1029] Generation completed for the IP Integrator block axi_mem_intercon/s00_couplers/auto_ds .
INFO: [BD 41-1029] Generation completed for the IP Integrator block axi_mem_intercon/s00_couplers/auto_pc .
Exporting to file d:/Desktop/FPGA/project_to_luwangrong/project_to_luwangrong.gen/sources_1/bd/design_1/hw_handoff/design_1.hwh
Generated Block Design Tcl file d:/Desktop/FPGA/project_to_luwangrong/project_to_luwangrong.gen/sources_1/bd/design_1/hw_handoff/design_1_bd.tcl
Generated Hardware Definition File d:/Desktop/FPGA/project_to_luwangrong/project_to_luwangrong.gen/sources_1/bd/design_1/synth/design_1.hwdef
[Tue Apr 11 16:35:34 2023] Launched synth_1...
Run output will be captured here: D:/Desktop/FPGA/project_to_luwangrong/project_to_luwangrong.runs/synth_1/runme.log
launch_runs: Time (s): cpu = 00:00:03 ; elapsed = 00:00:09 . Memory (MB): peak = 1634.367 ; gain = 214.426
launch_runs impl_1 -jobs 10
[Tue Apr 11 16:37:03 2023] Launched impl_1...
Run output will be captured here: D:/Desktop/FPGA/project_to_luwangrong/project_to_luwangrong.runs/impl_1/runme.log
reset_run synth_1
WARNING: [Vivado 12-1017] Problems encountered:
1. Failed to delete one or more files in run directory D:/Desktop/FPGA/project_to_luwangrong/project_to_luwangrong.runs/synth_1

launch_runs synth_1 -jobs 10
[Tue Apr 11 16:47:51 2023] Launched synth_1...
Run output will be captured here: D:/Desktop/FPGA/project_to_luwangrong/project_to_luwangrong.runs/synth_1/runme.log
open_bd_design {D:/Desktop/FPGA/project_to_luwangrong/project_to_luwangrong.srcs/sources_1/bd/design_1/design_1.bd}
exit
INFO: [Common 17-206] Exiting Vivado at Tue Apr 11 17:27:23 2023...
