#-----------------------------------------------------------
# Vivado v2020.2 (64-bit)
# SW Build 3064766 on Wed Nov 18 09:12:45 MST 2020
# IP Build 3064653 on Wed Nov 18 14:17:31 MST 2020
# Start of session at: Wed Apr 12 15:35:06 2023
# Process ID: 8020
# Current directory: D:/Desktop/FPGA/project_to_luwangrong
# Command line: vivado.exe -gui_launcher_event rodinguilauncherevent5364 D:\Desktop\FPGA\project_to_luwangrong\project_to_luwangrong.xpr
# Log file: D:/Desktop/FPGA/project_to_luwangrong/vivado.log
# Journal file: D:/Desktop/FPGA/project_to_luwangrong\vivado.jou
#-----------------------------------------------------------
start_gui
open_project D:/Desktop/FPGA/project_to_luwangrong/project_to_luwangrong.xpr
Scanning sources...
Finished scanning sources
INFO: [IP_Flow 19-234] Refreshing IP repositories
INFO: [IP_Flow 19-1704] No user IP repositories specified
INFO: [IP_Flow 19-2313] Loaded Vivado IP repository 'E:/vivado_2020.2/Vivado/2020.2/data/ip'.
open_project: Time (s): cpu = 00:00:05 ; elapsed = 00:00:07 . Memory (MB): peak = 1121.664 ; gain = 0.000
update_compile_order -fileset sources_1
reset_run synth_1
launch_runs impl_1 -to_step write_bitstream -jobs 10
[Wed Apr 12 16:10:51 2023] Launched synth_1...
Run output will be captured here: D:/Desktop/FPGA/project_to_luwangrong/project_to_luwangrong.runs/synth_1/runme.log
[Wed Apr 12 16:10:51 2023] Launched impl_1...
Run output will be captured here: D:/Desktop/FPGA/project_to_luwangrong/project_to_luwangrong.runs/impl_1/runme.log
open_bd_design {D:/Desktop/FPGA/project_to_luwangrong/project_to_luwangrong.srcs/sources_1/bd/design_1/design_1.bd}
Reading block design file <D:/Desktop/FPGA/project_to_luwangrong/project_to_luwangrong.srcs/sources_1/bd/design_1/design_1.bd>...
Adding component instance block -- xilinx.com:ip:processing_system7:5.5 - processing_system7_0
Adding component instance block -- xilinx.com:module_ref:clkdiv_10_1:1.0 - clkdiv_10_1_0
Adding component instance block -- xilinx.com:ip:axi_dma:7.1 - axi_dma_0
Adding component instance block -- xilinx.com:ip:clk_wiz:6.0 - clk_wiz_0
Adding component instance block -- xilinx.com:ip:axi_interconnect:2.1 - ps7_0_axi_periph
Adding component instance block -- xilinx.com:ip:axi_protocol_converter:2.1 - auto_pc
Adding component instance block -- xilinx.com:ip:proc_sys_reset:5.0 - rst_ps7_0_100M
Adding component instance block -- xilinx.com:ip:axi_interconnect:2.1 - axi_mem_intercon
Adding component instance block -- xilinx.com:ip:axi_dwidth_converter:2.1 - auto_ds
Adding component instance block -- xilinx.com:ip:axi_protocol_converter:2.1 - auto_pc
Adding component instance block -- xilinx.com:ip:xlconcat:2.1 - xlconcat_0
Adding component instance block -- xilinx.com:ip:fifo_generator:13.2 - fifo_generator_0
INFO: [xilinx.com:ip:fifo_generator:13.2-5968] /fifo_generator_0Executing the post_config_ip from bd
Adding component instance block -- xilinx.com:module_ref:io_xy5_100:1.0 - io_xy5_100_0
Adding component instance block -- xilinx.com:module_ref:laser_power_test:1.0 - laser_power_test_0
Adding component instance block -- xilinx.com:module_ref:xy5_100:1.0 - xy5_100_0
Successfully read diagram <design_1> from block design file <D:/Desktop/FPGA/project_to_luwangrong/project_to_luwangrong.srcs/sources_1/bd/design_1/design_1.bd>
open_bd_design: Time (s): cpu = 00:00:03 ; elapsed = 00:00:06 . Memory (MB): peak = 1182.988 ; gain = 48.898
WARNING: [IP_Flow 19-474] Invalid Parameter 'Component_Name'
open_bd_design {D:/Desktop/FPGA/project_to_luwangrong/project_to_luwangrong.srcs/sources_1/bd/design_1/design_1.bd}
exit
INFO: [Common 17-206] Exiting Vivado at Wed Apr 12 21:36:14 2023...
