INFO: [VRFC 10-2263] Analyzing Verilog file "D:/vivado_project/FPGA/XY5_100_VIVADO2020version/1.1_clkdiv_50_2.v" into library xil_defaultlib
INFO: [VRFC 10-311] analyzing module clkdiv_10_1
INFO: [VRFC 10-2263] Analyzing Verilog file "D:/vivado_project/FPGA/XY5_100_VIVADO2020version/1.1_io_xy5_100.v" into library xil_defaultlib
INFO: [VRFC 10-311] analyzing module io_xy5_100
INFO: [VRFC 10-2263] Analyzing Verilog file "D:/vivado_project/FPGA/XY5_100_VIVADO2020version/1.1_xy5_100.v" into library xil_defaultlib
INFO: [VRFC 10-311] analyzing module xy5_100
WARNING: [VRFC 10-3676] redeclaration of ansi port 'tready' is not allowed [D:/vivado_project/FPGA/XY5_100_VIVADO2020version/1.1_xy5_100.v:57]
WARNING: [VRFC 10-3676] redeclaration of ansi port 'laser_freq_set' is not allowed [D:/vivado_project/FPGA/XY5_100_VIVADO2020version/1.1_xy5_100.v:67]
INFO: [VRFC 10-2263] Analyzing Verilog file "D:/biye2/scanner/scanner.srcs/sources_1/new/laser_control.v" into library xil_defaultlib
INFO: [VRFC 10-311] analyzing module laser_control
INFO: [VRFC 10-2263] Analyzing Verilog file "D:/biye2/scanner/scanner.ip_user_files/bd/design_1/ip/design_1_processing_system7_0_0/sim/design_1_processing_system7_0_0.v" into library xil_defaultlib
INFO: [VRFC 10-311] analyzing module design_1_processing_system7_0_0
INFO: [VRFC 10-2263] Analyzing Verilog file "D:/biye2/scanner/scanner.ip_user_files/bd/design_1/ip/design_1_clkdiv_10_1_0_0/sim/design_1_clkdiv_10_1_0_0.v" into library xil_defaultlib
INFO: [VRFC 10-311] analyzing module design_1_clkdiv_10_1_0_0
INFO: [VRFC 10-2263] Analyzing Verilog file "D:/biye2/scanner/scanner.ip_user_files/bd/design_1/ip/design_1_io_xy5_100_0_0/sim/design_1_io_xy5_100_0_0.v" into library xil_defaultlib
INFO: [VRFC 10-311] analyzing module design_1_io_xy5_100_0_0
INFO: [VRFC 10-2263] Analyzing Verilog file "D:/biye2/scanner/scanner.ip_user_files/bd/design_1/ip/design_1_clk_wiz_0_0/design_1_clk_wiz_0_0_clk_wiz.v" into library xil_defaultlib
INFO: [VRFC 10-311] analyzing module design_1_clk_wiz_0_0_clk_wiz
INFO: [VRFC 10-2263] Analyzing Verilog file "D:/biye2/scanner/scanner.ip_user_files/bd/design_1/ip/design_1_clk_wiz_0_0/design_1_clk_wiz_0_0.v" into library xil_defaultlib
INFO: [VRFC 10-311] analyzing module design_1_clk_wiz_0_0
INFO: [VRFC 10-2263] Analyzing Verilog file "D:/biye2/scanner/scanner.ip_user_files/bd/design_1/ip/design_1_auto_pc_0/sim/design_1_auto_pc_0.v" into library xil_defaultlib
INFO: [VRFC 10-311] analyzing module design_1_auto_pc_0
INFO: [VRFC 10-2263] Analyzing Verilog file "D:/biye2/scanner/scanner.ip_user_files/bd/design_1/ip/design_1_auto_ds_0/sim/design_1_auto_ds_0.v" into library xil_defaultlib
INFO: [VRFC 10-311] analyzing module design_1_auto_ds_0
INFO: [VRFC 10-2263] Analyzing Verilog file "D:/biye2/scanner/scanner.ip_user_files/bd/design_1/ip/design_1_auto_pc_1/sim/design_1_auto_pc_1.v" into library xil_defaultlib
INFO: [VRFC 10-311] analyzing module design_1_auto_pc_1
INFO: [VRFC 10-2263] Analyzing Verilog file "D:/biye2/scanner/scanner.ip_user_files/bd/design_1/ip/design_1_xlconcat_0_0/sim/design_1_xlconcat_0_0.v" into library xil_defaultlib
INFO: [VRFC 10-311] analyzing module design_1_xlconcat_0_0
INFO: [VRFC 10-2263] Analyzing Verilog file "D:/biye2/scanner/scanner.ip_user_files/bd/design_1/ip/design_1_fifo_generator_0_0/sim/design_1_fifo_generator_0_0.v" into library xil_defaultlib
INFO: [VRFC 10-311] analyzing module design_1_fifo_generator_0_0
INFO: [VRFC 10-2263] Analyzing Verilog file "D:/biye2/scanner/scanner.ip_user_files/bd/design_1/ip/design_1_xy5_100_0_0/sim/design_1_xy5_100_0_0.v" into library xil_defaultlib
INFO: [VRFC 10-311] analyzing module design_1_xy5_100_0_0
INFO: [VRFC 10-2263] Analyzing Verilog file "D:/biye2/scanner/scanner.ip_user_files/bd/design_1/ip/design_1_laser_control_0_0/sim/design_1_laser_control_0_0.v" into library xil_defaultlib
INFO: [VRFC 10-311] analyzing module design_1_laser_control_0_0
INFO: [VRFC 10-2263] Analyzing Verilog file "D:/biye2/scanner/scanner.ip_user_files/bd/design_1/sim/design_1.v" into library xil_defaultlib
INFO: [VRFC 10-311] analyzing module design_1
INFO: [VRFC 10-311] analyzing module design_1_axi_mem_intercon_0
INFO: [VRFC 10-311] analyzing module design_1_ps7_0_axi_periph_0
INFO: [VRFC 10-311] analyzing module s00_couplers_imp_7HNO1D
INFO: [VRFC 10-311] analyzing module s00_couplers_imp_UYSKKA
INFO: [VRFC 10-2263] Analyzing Verilog file "D:/biye2/scanner/scanner.gen/sources_1/bd/design_1/hdl/design_1_wrapper.v" into library xil_defaultlib
INFO: [VRFC 10-311] analyzing module design_1_wrapper
INFO: [VRFC 10-2263] Analyzing Verilog file "D:/biye2/scanner/scanner.sim/sim_1/behav/xsim/glbl.v" into library xil_defaultlib
INFO: [VRFC 10-311] analyzing module glbl
